<?xml version="1.0" encoding="UTF-8"?>
<!-- Generated by org.testng.reporters.JUnitReportReporter -->
<testsuite skipped="0" hostname="LAPTOP-91CI41D6" name="threadlocal.WebDriverTest2" tests="2" failures="0" timestamp="2021-10-08T21:35:40 EDT" time="18.780" errors="0">
  <testcase name="test1" time="9.310" classname="threadlocal.WebDriverTest2"/>
  <testcase name="test2" time="9.470" classname="threadlocal.WebDriverTest2"/>
</testsuite> <!-- threadlocal.WebDriverTest2 -->
