<?xml version="1.0" encoding="UTF-8"?>
<!-- Generated by org.testng.reporters.JUnitReportReporter -->
<testsuite skipped="0" hostname="LAPTOP-91CI41D6" name="threadlocal.DriverManagerDemo" tests="1" failures="0" timestamp="2021-10-08T23:11:29 EDT" time="3.179" errors="0">
  <testcase name="test1" time="3.179" classname="threadlocal.DriverManagerDemo"/>
</testsuite> <!-- threadlocal.DriverManagerDemo -->
