<?xml version="1.0" encoding="UTF-8"?>
<!-- Generated by org.testng.reporters.JUnitReportReporter -->
<testsuite skipped="0" hostname="LAPTOP-91CI41D6" name="tests.Testing2" tests="2" failures="0" timestamp="2021-09-04T10:23:52 EDT" time="0.003" errors="0">
  <testcase name="test4" time="0.001" classname="tests.Testing2"/>
  <testcase name="test5" time="0.002" classname="tests.Testing2"/>
</testsuite> <!-- tests.Testing2 -->
