<?xml version="1.0" encoding="UTF-8"?>
<!-- Generated by org.testng.reporters.JUnitReportReporter -->
<testsuite skipped="0" hostname="LAPTOP-91CI41D6" name="tests.Testing1" tests="5" failures="0" timestamp="2021-09-04T10:23:52 EDT" time="0.015" errors="0">
  <testcase name="f" time="0.001" classname="tests.Testing1"/>
  <testcase name="f" time="0.007" classname="tests.Testing1"/>
  <testcase name="test1" time="0.002" classname="tests.Testing1"/>
  <testcase name="test2" time="0.003" classname="tests.Testing1"/>
  <testcase name="test3" time="0.002" classname="tests.Testing1"/>
</testsuite> <!-- tests.Testing1 -->
