<?xml version="1.0" encoding="UTF-8"?>
<!-- Generated by org.testng.reporters.JUnitReportReporter -->
<testsuite hostname="LAPTOP-91CI41D6" failures="0" tests="5" name="tests.Testing1" time="0.003" errors="0" timestamp="07 Oct. 2021 00:51:44 GMT" skipped="0">
  <testcase classname="tests.Testing1" name="f" time="0.001"/>
  <testcase classname="tests.Testing1" name="f" time="0.000"/>
  <testcase classname="tests.Testing1" name="test1" time="0.001"/>
  <testcase classname="tests.Testing1" name="test2" time="0.001"/>
  <testcase classname="tests.Testing1" name="test3" time="0.000"/>
</testsuite> <!-- tests.Testing1 -->
